<?xml version="1.0" encoding="UTF-8"?>
<coverage generated="1574717104675" clover="3.2.0">
  <project timestamp="1574717104675" name="All files">
    <metrics statements="38" coveredstatements="9" conditionals="10" coveredconditionals="0" methods="25" coveredmethods="7" elements="73" coveredelements="16" complexity="0" loc="38" ncloc="38" packages="3" files="5" classes="5"/>
    <package name="components">
      <metrics statements="11" coveredstatements="2" conditionals="6" coveredconditionals="0" methods="6" coveredmethods="2"/>
      <file name="listagem.vue" path="/home/grito/Projetos/teste-zooxsmart/front/components/listagem.vue">
        <metrics statements="11" coveredstatements="2" conditionals="6" coveredconditionals="0" methods="6" coveredmethods="2"/>
        <line num="1" count="6" type="stmt"/>
        <line num="28" count="1" type="stmt"/>
        <line num="37" count="0" type="stmt"/>
        <line num="38" count="0" type="stmt"/>
        <line num="39" count="0" type="stmt"/>
        <line num="40" count="0" type="cond" truecount="0" falsecount="4"/>
        <line num="41" count="0" type="stmt"/>
        <line num="43" count="0" type="stmt"/>
        <line num="44" count="0" type="stmt"/>
        <line num="46" count="0" type="stmt"/>
        <line num="49" count="0" type="cond" truecount="0" falsecount="2"/>
      </file>
    </package>
    <package name="components.parts">
      <metrics statements="6" coveredstatements="3" conditionals="0" coveredconditionals="0" methods="3" coveredmethods="2"/>
      <file name="menu.vue" path="/home/grito/Projetos/teste-zooxsmart/front/components/parts/menu.vue">
        <metrics statements="6" coveredstatements="3" conditionals="0" coveredconditionals="0" methods="3" coveredmethods="2"/>
        <line num="1" count="6" type="stmt"/>
        <line num="28" count="1" type="stmt"/>
        <line num="29" count="1" type="stmt"/>
        <line num="31" count="0" type="stmt"/>
        <line num="32" count="0" type="stmt"/>
        <line num="33" count="0" type="stmt"/>
      </file>
    </package>
    <package name="pages">
      <metrics statements="21" coveredstatements="4" conditionals="4" coveredconditionals="0" methods="16" coveredmethods="3"/>
      <file name="cidades.vue" path="/home/grito/Projetos/teste-zooxsmart/front/pages/cidades.vue">
        <metrics statements="11" coveredstatements="0" conditionals="4" coveredconditionals="0" methods="8" coveredmethods="0"/>
        <line num="1" count="0" type="cond" truecount="0" falsecount="2"/>
        <line num="74" count="0" type="stmt"/>
        <line num="81" count="0" type="stmt"/>
        <line num="87" count="0" type="stmt"/>
        <line num="88" count="0" type="stmt"/>
        <line num="92" count="0" type="stmt"/>
        <line num="95" count="0" type="stmt"/>
        <line num="100" count="0" type="stmt"/>
        <line num="104" count="0" type="stmt"/>
        <line num="105" count="0" type="cond" truecount="0" falsecount="2"/>
        <line num="108" count="0" type="stmt"/>
      </file>
      <file name="estados.vue" path="/home/grito/Projetos/teste-zooxsmart/front/pages/estados.vue">
        <metrics statements="6" coveredstatements="0" conditionals="0" coveredconditionals="0" methods="5" coveredmethods="0"/>
        <line num="1" count="0" type="stmt"/>
        <line num="59" count="0" type="stmt"/>
        <line num="66" count="0" type="stmt"/>
        <line num="71" count="0" type="stmt"/>
        <line num="75" count="0" type="stmt"/>
        <line num="80" count="0" type="stmt"/>
      </file>
      <file name="index.vue" path="/home/grito/Projetos/teste-zooxsmart/front/pages/index.vue">
        <metrics statements="4" coveredstatements="4" conditionals="0" coveredconditionals="0" methods="3" coveredmethods="3"/>
        <line num="1" count="6" type="stmt"/>
        <line num="22" count="1" type="stmt"/>
        <line num="23" count="1" type="stmt"/>
        <line num="31" count="1" type="stmt"/>
      </file>
    </package>
  </project>
</coverage>
