TN:
SF:/home/grito/Projetos/teste-zooxsmart/front/components/listagem.vue
FN:27,data
FN:36,newArray
FN:41,(anonymous_2)
FN:43,(anonymous_3)
FN:44,(anonymous_4)
FN:1,(anonymous_5)
FNF:6
FNH:2
FNDA:1,data
FNDA:0,newArray
FNDA:0,(anonymous_2)
FNDA:0,(anonymous_3)
FNDA:0,(anonymous_4)
FNDA:1,(anonymous_5)
DA:1,6
DA:28,1
DA:37,0
DA:38,0
DA:39,0
DA:40,0
DA:41,0
DA:43,0
DA:44,0
DA:46,0
DA:49,0
LF:11
LH:2
BRDA:40,0,0,0
BRDA:40,0,1,0
BRDA:40,1,0,0
BRDA:40,1,1,0
BRDA:49,2,0,0
BRDA:49,2,1,0
BRF:6
BRH:0
end_of_record
TN:
SF:/home/grito/Projetos/teste-zooxsmart/front/components/parts/menu.vue
FN:27,mounted
FN:31,(anonymous_1)
FN:1,(anonymous_2)
FNF:3
FNH:2
FNDA:1,mounted
FNDA:0,(anonymous_1)
FNDA:1,(anonymous_2)
DA:1,6
DA:28,1
DA:29,1
DA:31,0
DA:32,0
DA:33,0
LF:6
LH:3
BRF:0
BRH:0
end_of_record
TN:
SF:/home/grito/Projetos/teste-zooxsmart/front/pages/cidades.vue
FN:80,data
FN:86,mounted
FN:91,dataEstados
FN:94,dataCidades
FN:99,showInsert
FN:103,getUf
FN:104,(anonymous_7)
FN:1,(anonymous_8)
FNF:8
FNH:0
FNDA:0,data
FNDA:0,mounted
FNDA:0,dataEstados
FNDA:0,dataCidades
FNDA:0,showInsert
FNDA:0,getUf
FNDA:0,(anonymous_7)
FNDA:0,(anonymous_8)
DA:1,0
DA:74,0
DA:81,0
DA:87,0
DA:88,0
DA:92,0
DA:95,0
DA:100,0
DA:104,0
DA:105,0
DA:108,0
LF:11
LH:0
BRDA:105,0,0,0
BRDA:105,0,1,0
BRDA:1,1,0,0
BRDA:1,1,1,0
BRF:4
BRH:0
end_of_record
TN:
SF:/home/grito/Projetos/teste-zooxsmart/front/pages/estados.vue
FN:65,data
FN:70,mounted
FN:74,dataEstados
FN:79,showInsert
FN:1,(anonymous_5)
FNF:5
FNH:0
FNDA:0,data
FNDA:0,mounted
FNDA:0,dataEstados
FNDA:0,showInsert
FNDA:0,(anonymous_5)
DA:1,0
DA:59,0
DA:66,0
DA:71,0
DA:75,0
DA:80,0
LF:6
LH:0
BRF:0
BRH:0
end_of_record
TN:
SF:/home/grito/Projetos/teste-zooxsmart/front/pages/index.vue
FN:30,data
FN:35,mounted
FN:1,(anonymous_3)
FNF:3
FNH:3
FNDA:1,data
FNDA:1,mounted
FNDA:1,(anonymous_3)
DA:1,6
DA:22,1
DA:23,1
DA:31,1
LF:4
LH:4
BRF:0
BRH:0
end_of_record
